[20-Jul-2022 12:56:43 UTC] PHP Warning:  sprintf(): Too few arguments in /Users/mikheilkankia/Local Sites/devopscon/app/public/wp-admin/includes/class-bulk-upgrader-skin.php on line 156
[20-Jul-2022 12:56:43 UTC] PHP Stack trace:
[20-Jul-2022 12:56:43 UTC] PHP   1. {main}() /Users/mikheilkankia/Local Sites/devopscon/app/public/wp-admin/themes.php:0
[20-Jul-2022 12:56:43 UTC] PHP   2. require_once() /Users/mikheilkankia/Local Sites/devopscon/app/public/wp-admin/themes.php:10
[20-Jul-2022 12:56:43 UTC] PHP   3. do_action() /Users/mikheilkankia/Local Sites/devopscon/app/public/wp-admin/admin.php:259
[20-Jul-2022 12:56:43 UTC] PHP   4. WP_Hook->do_action() /Users/mikheilkankia/Local Sites/devopscon/app/public/wp-includes/plugin.php:476
[20-Jul-2022 12:56:43 UTC] PHP   5. WP_Hook->apply_filters() /Users/mikheilkankia/Local Sites/devopscon/app/public/wp-includes/class-wp-hook.php:331
[20-Jul-2022 12:56:43 UTC] PHP   6. TGM_Plugin_Activation->install_plugins_page() /Users/mikheilkankia/Local Sites/devopscon/app/public/wp-includes/class-wp-hook.php:307
[20-Jul-2022 12:56:43 UTC] PHP   7. TGMPA_List_Table->process_bulk_actions() /Users/mikheilkankia/Local Sites/devopscon/app/public/wp-content/themes/mitup/framework/class-tgm-plugin-activation.php:743
[20-Jul-2022 12:56:43 UTC] PHP   8. TGMPA_Bulk_Installer->bulk_install() /Users/mikheilkankia/Local Sites/devopscon/app/public/wp-content/themes/mitup/framework/class-tgm-plugin-activation.php:2977
[20-Jul-2022 12:56:43 UTC] PHP   9. TGMPA_Bulk_Installer->run() /Users/mikheilkankia/Local Sites/devopscon/app/public/wp-content/themes/mitup/framework/class-tgm-plugin-activation.php:3371
[20-Jul-2022 12:56:43 UTC] PHP  10. TGMPA_Bulk_Installer->run() /Users/mikheilkankia/Local Sites/devopscon/app/public/wp-content/themes/mitup/framework/class-tgm-plugin-activation.php:3258
[20-Jul-2022 12:56:43 UTC] PHP  11. TGMPA_Bulk_Installer_Skin->after() /Users/mikheilkankia/Local Sites/devopscon/app/public/wp-admin/includes/class-wp-upgrader.php:824
[20-Jul-2022 12:56:43 UTC] PHP  12. TGMPA_Bulk_Installer_Skin->after() /Users/mikheilkankia/Local Sites/devopscon/app/public/wp-content/themes/mitup/framework/class-tgm-plugin-activation.php:3638
[20-Jul-2022 12:56:43 UTC] PHP  13. sprintf() /Users/mikheilkankia/Local Sites/devopscon/app/public/wp-admin/includes/class-bulk-upgrader-skin.php:156
[20-Jul-2022 12:56:43 UTC] PHP Warning:  sprintf(): Too few arguments in /Users/mikheilkankia/Local Sites/devopscon/app/public/wp-admin/includes/class-bulk-upgrader-skin.php on line 156
[20-Jul-2022 12:56:43 UTC] PHP Stack trace:
[20-Jul-2022 12:56:43 UTC] PHP   1. {main}() /Users/mikheilkankia/Local Sites/devopscon/app/public/wp-admin/themes.php:0
[20-Jul-2022 12:56:43 UTC] PHP   2. require_once() /Users/mikheilkankia/Local Sites/devopscon/app/public/wp-admin/themes.php:10
[20-Jul-2022 12:56:43 UTC] PHP   3. do_action() /Users/mikheilkankia/Local Sites/devopscon/app/public/wp-admin/admin.php:259
[20-Jul-2022 12:56:43 UTC] PHP   4. WP_Hook->do_action() /Users/mikheilkankia/Local Sites/devopscon/app/public/wp-includes/plugin.php:476
[20-Jul-2022 12:56:43 UTC] PHP   5. WP_Hook->apply_filters() /Users/mikheilkankia/Local Sites/devopscon/app/public/wp-includes/class-wp-hook.php:331
[20-Jul-2022 12:56:43 UTC] PHP   6. TGM_Plugin_Activation->install_plugins_page() /Users/mikheilkankia/Local Sites/devopscon/app/public/wp-includes/class-wp-hook.php:307
[20-Jul-2022 12:56:43 UTC] PHP   7. TGMPA_List_Table->process_bulk_actions() /Users/mikheilkankia/Local Sites/devopscon/app/public/wp-content/themes/mitup/framework/class-tgm-plugin-activation.php:743
[20-Jul-2022 12:56:43 UTC] PHP   8. TGMPA_Bulk_Installer->bulk_install() /Users/mikheilkankia/Local Sites/devopscon/app/public/wp-content/themes/mitup/framework/class-tgm-plugin-activation.php:2977
[20-Jul-2022 12:56:43 UTC] PHP   9. TGMPA_Bulk_Installer->run() /Users/mikheilkankia/Local Sites/devopscon/app/public/wp-content/themes/mitup/framework/class-tgm-plugin-activation.php:3371
[20-Jul-2022 12:56:43 UTC] PHP  10. TGMPA_Bulk_Installer->run() /Users/mikheilkankia/Local Sites/devopscon/app/public/wp-content/themes/mitup/framework/class-tgm-plugin-activation.php:3258
[20-Jul-2022 12:56:43 UTC] PHP  11. TGMPA_Bulk_Installer_Skin->after() /Users/mikheilkankia/Local Sites/devopscon/app/public/wp-admin/includes/class-wp-upgrader.php:824
[20-Jul-2022 12:56:43 UTC] PHP  12. TGMPA_Bulk_Installer_Skin->after() /Users/mikheilkankia/Local Sites/devopscon/app/public/wp-content/themes/mitup/framework/class-tgm-plugin-activation.php:3638
[20-Jul-2022 12:56:43 UTC] PHP  13. sprintf() /Users/mikheilkankia/Local Sites/devopscon/app/public/wp-admin/includes/class-bulk-upgrader-skin.php:156
[20-Jul-2022 12:56:46 UTC] PHP Warning:  sprintf(): Too few arguments in /Users/mikheilkankia/Local Sites/devopscon/app/public/wp-admin/includes/class-bulk-upgrader-skin.php on line 156
[20-Jul-2022 12:56:46 UTC] PHP Stack trace:
[20-Jul-2022 12:56:46 UTC] PHP   1. {main}() /Users/mikheilkankia/Local Sites/devopscon/app/public/wp-admin/themes.php:0
[20-Jul-2022 12:56:46 UTC] PHP   2. require_once() /Users/mikheilkankia/Local Sites/devopscon/app/public/wp-admin/themes.php:10
[20-Jul-2022 12:56:46 UTC] PHP   3. do_action() /Users/mikheilkankia/Local Sites/devopscon/app/public/wp-admin/admin.php:259
[20-Jul-2022 12:56:46 UTC] PHP   4. WP_Hook->do_action() /Users/mikheilkankia/Local Sites/devopscon/app/public/wp-includes/plugin.php:476
[20-Jul-2022 12:56:46 UTC] PHP   5. WP_Hook->apply_filters() /Users/mikheilkankia/Local Sites/devopscon/app/public/wp-includes/class-wp-hook.php:331
[20-Jul-2022 12:56:46 UTC] PHP   6. TGM_Plugin_Activation->install_plugins_page() /Users/mikheilkankia/Local Sites/devopscon/app/public/wp-includes/class-wp-hook.php:307
[20-Jul-2022 12:56:46 UTC] PHP   7. TGMPA_List_Table->process_bulk_actions() /Users/mikheilkankia/Local Sites/devopscon/app/public/wp-content/themes/mitup/framework/class-tgm-plugin-activation.php:743
[20-Jul-2022 12:56:46 UTC] PHP   8. TGMPA_Bulk_Installer->bulk_install() /Users/mikheilkankia/Local Sites/devopscon/app/public/wp-content/themes/mitup/framework/class-tgm-plugin-activation.php:2977
[20-Jul-2022 12:56:46 UTC] PHP   9. TGMPA_Bulk_Installer->run() /Users/mikheilkankia/Local Sites/devopscon/app/public/wp-content/themes/mitup/framework/class-tgm-plugin-activation.php:3371
[20-Jul-2022 12:56:46 UTC] PHP  10. TGMPA_Bulk_Installer->run() /Users/mikheilkankia/Local Sites/devopscon/app/public/wp-content/themes/mitup/framework/class-tgm-plugin-activation.php:3258
[20-Jul-2022 12:56:46 UTC] PHP  11. TGMPA_Bulk_Installer_Skin->after() /Users/mikheilkankia/Local Sites/devopscon/app/public/wp-admin/includes/class-wp-upgrader.php:824
[20-Jul-2022 12:56:46 UTC] PHP  12. TGMPA_Bulk_Installer_Skin->after() /Users/mikheilkankia/Local Sites/devopscon/app/public/wp-content/themes/mitup/framework/class-tgm-plugin-activation.php:3638
[20-Jul-2022 12:56:46 UTC] PHP  13. sprintf() /Users/mikheilkankia/Local Sites/devopscon/app/public/wp-admin/includes/class-bulk-upgrader-skin.php:156
[20-Jul-2022 12:56:49 UTC] PHP Warning:  sprintf(): Too few arguments in /Users/mikheilkankia/Local Sites/devopscon/app/public/wp-admin/includes/class-bulk-upgrader-skin.php on line 156
[20-Jul-2022 12:56:49 UTC] PHP Stack trace:
[20-Jul-2022 12:56:49 UTC] PHP   1. {main}() /Users/mikheilkankia/Local Sites/devopscon/app/public/wp-admin/themes.php:0
[20-Jul-2022 12:56:49 UTC] PHP   2. require_once() /Users/mikheilkankia/Local Sites/devopscon/app/public/wp-admin/themes.php:10
[20-Jul-2022 12:56:49 UTC] PHP   3. do_action() /Users/mikheilkankia/Local Sites/devopscon/app/public/wp-admin/admin.php:259
[20-Jul-2022 12:56:49 UTC] PHP   4. WP_Hook->do_action() /Users/mikheilkankia/Local Sites/devopscon/app/public/wp-includes/plugin.php:476
[20-Jul-2022 12:56:49 UTC] PHP   5. WP_Hook->apply_filters() /Users/mikheilkankia/Local Sites/devopscon/app/public/wp-includes/class-wp-hook.php:331
[20-Jul-2022 12:56:49 UTC] PHP   6. TGM_Plugin_Activation->install_plugins_page() /Users/mikheilkankia/Local Sites/devopscon/app/public/wp-includes/class-wp-hook.php:307
[20-Jul-2022 12:56:49 UTC] PHP   7. TGMPA_List_Table->process_bulk_actions() /Users/mikheilkankia/Local Sites/devopscon/app/public/wp-content/themes/mitup/framework/class-tgm-plugin-activation.php:743
[20-Jul-2022 12:56:49 UTC] PHP   8. TGMPA_Bulk_Installer->bulk_install() /Users/mikheilkankia/Local Sites/devopscon/app/public/wp-content/themes/mitup/framework/class-tgm-plugin-activation.php:2977
[20-Jul-2022 12:56:49 UTC] PHP   9. TGMPA_Bulk_Installer->run() /Users/mikheilkankia/Local Sites/devopscon/app/public/wp-content/themes/mitup/framework/class-tgm-plugin-activation.php:3371
[20-Jul-2022 12:56:49 UTC] PHP  10. TGMPA_Bulk_Installer->run() /Users/mikheilkankia/Local Sites/devopscon/app/public/wp-content/themes/mitup/framework/class-tgm-plugin-activation.php:3258
[20-Jul-2022 12:56:49 UTC] PHP  11. TGMPA_Bulk_Installer_Skin->after() /Users/mikheilkankia/Local Sites/devopscon/app/public/wp-admin/includes/class-wp-upgrader.php:824
[20-Jul-2022 12:56:49 UTC] PHP  12. TGMPA_Bulk_Installer_Skin->after() /Users/mikheilkankia/Local Sites/devopscon/app/public/wp-content/themes/mitup/framework/class-tgm-plugin-activation.php:3638
[20-Jul-2022 12:56:49 UTC] PHP  13. sprintf() /Users/mikheilkankia/Local Sites/devopscon/app/public/wp-admin/includes/class-bulk-upgrader-skin.php:156
[20-Jul-2022 12:56:51 UTC] PHP Warning:  sprintf(): Too few arguments in /Users/mikheilkankia/Local Sites/devopscon/app/public/wp-admin/includes/class-bulk-upgrader-skin.php on line 156
[20-Jul-2022 12:56:51 UTC] PHP Stack trace:
[20-Jul-2022 12:56:51 UTC] PHP   1. {main}() /Users/mikheilkankia/Local Sites/devopscon/app/public/wp-admin/themes.php:0
[20-Jul-2022 12:56:51 UTC] PHP   2. require_once() /Users/mikheilkankia/Local Sites/devopscon/app/public/wp-admin/themes.php:10
[20-Jul-2022 12:56:51 UTC] PHP   3. do_action() /Users/mikheilkankia/Local Sites/devopscon/app/public/wp-admin/admin.php:259
[20-Jul-2022 12:56:51 UTC] PHP   4. WP_Hook->do_action() /Users/mikheilkankia/Local Sites/devopscon/app/public/wp-includes/plugin.php:476
[20-Jul-2022 12:56:51 UTC] PHP   5. WP_Hook->apply_filters() /Users/mikheilkankia/Local Sites/devopscon/app/public/wp-includes/class-wp-hook.php:331
[20-Jul-2022 12:56:51 UTC] PHP   6. TGM_Plugin_Activation->install_plugins_page() /Users/mikheilkankia/Local Sites/devopscon/app/public/wp-includes/class-wp-hook.php:307
[20-Jul-2022 12:56:51 UTC] PHP   7. TGMPA_List_Table->process_bulk_actions() /Users/mikheilkankia/Local Sites/devopscon/app/public/wp-content/themes/mitup/framework/class-tgm-plugin-activation.php:743
[20-Jul-2022 12:56:51 UTC] PHP   8. TGMPA_Bulk_Installer->bulk_install() /Users/mikheilkankia/Local Sites/devopscon/app/public/wp-content/themes/mitup/framework/class-tgm-plugin-activation.php:2977
[20-Jul-2022 12:56:51 UTC] PHP   9. TGMPA_Bulk_Installer->run() /Users/mikheilkankia/Local Sites/devopscon/app/public/wp-content/themes/mitup/framework/class-tgm-plugin-activation.php:3371
[20-Jul-2022 12:56:51 UTC] PHP  10. TGMPA_Bulk_Installer->run() /Users/mikheilkankia/Local Sites/devopscon/app/public/wp-content/themes/mitup/framework/class-tgm-plugin-activation.php:3258
[20-Jul-2022 12:56:51 UTC] PHP  11. TGMPA_Bulk_Installer_Skin->after() /Users/mikheilkankia/Local Sites/devopscon/app/public/wp-admin/includes/class-wp-upgrader.php:824
[20-Jul-2022 12:56:51 UTC] PHP  12. TGMPA_Bulk_Installer_Skin->after() /Users/mikheilkankia/Local Sites/devopscon/app/public/wp-content/themes/mitup/framework/class-tgm-plugin-activation.php:3638
[20-Jul-2022 12:56:51 UTC] PHP  13. sprintf() /Users/mikheilkankia/Local Sites/devopscon/app/public/wp-admin/includes/class-bulk-upgrader-skin.php:156
[20-Jul-2022 12:56:51 UTC] PHP Warning:  sprintf(): Too few arguments in /Users/mikheilkankia/Local Sites/devopscon/app/public/wp-admin/includes/class-bulk-upgrader-skin.php on line 156
[20-Jul-2022 12:56:51 UTC] PHP Stack trace:
[20-Jul-2022 12:56:51 UTC] PHP   1. {main}() /Users/mikheilkankia/Local Sites/devopscon/app/public/wp-admin/themes.php:0
[20-Jul-2022 12:56:51 UTC] PHP   2. require_once() /Users/mikheilkankia/Local Sites/devopscon/app/public/wp-admin/themes.php:10
[20-Jul-2022 12:56:51 UTC] PHP   3. do_action() /Users/mikheilkankia/Local Sites/devopscon/app/public/wp-admin/admin.php:259
[20-Jul-2022 12:56:51 UTC] PHP   4. WP_Hook->do_action() /Users/mikheilkankia/Local Sites/devopscon/app/public/wp-includes/plugin.php:476
[20-Jul-2022 12:56:51 UTC] PHP   5. WP_Hook->apply_filters() /Users/mikheilkankia/Local Sites/devopscon/app/public/wp-includes/class-wp-hook.php:331
[20-Jul-2022 12:56:51 UTC] PHP   6. TGM_Plugin_Activation->install_plugins_page() /Users/mikheilkankia/Local Sites/devopscon/app/public/wp-includes/class-wp-hook.php:307
[20-Jul-2022 12:56:51 UTC] PHP   7. TGMPA_List_Table->process_bulk_actions() /Users/mikheilkankia/Local Sites/devopscon/app/public/wp-content/themes/mitup/framework/class-tgm-plugin-activation.php:743
[20-Jul-2022 12:56:51 UTC] PHP   8. TGMPA_Bulk_Installer->bulk_install() /Users/mikheilkankia/Local Sites/devopscon/app/public/wp-content/themes/mitup/framework/class-tgm-plugin-activation.php:2977
[20-Jul-2022 12:56:51 UTC] PHP   9. TGMPA_Bulk_Installer->run() /Users/mikheilkankia/Local Sites/devopscon/app/public/wp-content/themes/mitup/framework/class-tgm-plugin-activation.php:3371
[20-Jul-2022 12:56:51 UTC] PHP  10. TGMPA_Bulk_Installer->run() /Users/mikheilkankia/Local Sites/devopscon/app/public/wp-content/themes/mitup/framework/class-tgm-plugin-activation.php:3258
[20-Jul-2022 12:56:51 UTC] PHP  11. TGMPA_Bulk_Installer_Skin->after() /Users/mikheilkankia/Local Sites/devopscon/app/public/wp-admin/includes/class-wp-upgrader.php:824
[20-Jul-2022 12:56:51 UTC] PHP  12. TGMPA_Bulk_Installer_Skin->after() /Users/mikheilkankia/Local Sites/devopscon/app/public/wp-content/themes/mitup/framework/class-tgm-plugin-activation.php:3638
[20-Jul-2022 12:56:51 UTC] PHP  13. sprintf() /Users/mikheilkankia/Local Sites/devopscon/app/public/wp-admin/includes/class-bulk-upgrader-skin.php:156
[20-Jul-2022 12:56:52 UTC] PHP Warning:  sprintf(): Too few arguments in /Users/mikheilkankia/Local Sites/devopscon/app/public/wp-admin/includes/class-bulk-upgrader-skin.php on line 156
[20-Jul-2022 12:56:52 UTC] PHP Stack trace:
[20-Jul-2022 12:56:52 UTC] PHP   1. {main}() /Users/mikheilkankia/Local Sites/devopscon/app/public/wp-admin/themes.php:0
[20-Jul-2022 12:56:52 UTC] PHP   2. require_once() /Users/mikheilkankia/Local Sites/devopscon/app/public/wp-admin/themes.php:10
[20-Jul-2022 12:56:52 UTC] PHP   3. do_action() /Users/mikheilkankia/Local Sites/devopscon/app/public/wp-admin/admin.php:259
[20-Jul-2022 12:56:52 UTC] PHP   4. WP_Hook->do_action() /Users/mikheilkankia/Local Sites/devopscon/app/public/wp-includes/plugin.php:476
[20-Jul-2022 12:56:52 UTC] PHP   5. WP_Hook->apply_filters() /Users/mikheilkankia/Local Sites/devopscon/app/public/wp-includes/class-wp-hook.php:331
[20-Jul-2022 12:56:52 UTC] PHP   6. TGM_Plugin_Activation->install_plugins_page() /Users/mikheilkankia/Local Sites/devopscon/app/public/wp-includes/class-wp-hook.php:307
[20-Jul-2022 12:56:52 UTC] PHP   7. TGMPA_List_Table->process_bulk_actions() /Users/mikheilkankia/Local Sites/devopscon/app/public/wp-content/themes/mitup/framework/class-tgm-plugin-activation.php:743
[20-Jul-2022 12:56:52 UTC] PHP   8. TGMPA_Bulk_Installer->bulk_install() /Users/mikheilkankia/Local Sites/devopscon/app/public/wp-content/themes/mitup/framework/class-tgm-plugin-activation.php:2977
[20-Jul-2022 12:56:52 UTC] PHP   9. TGMPA_Bulk_Installer->run() /Users/mikheilkankia/Local Sites/devopscon/app/public/wp-content/themes/mitup/framework/class-tgm-plugin-activation.php:3371
[20-Jul-2022 12:56:52 UTC] PHP  10. TGMPA_Bulk_Installer->run() /Users/mikheilkankia/Local Sites/devopscon/app/public/wp-content/themes/mitup/framework/class-tgm-plugin-activation.php:3258
[20-Jul-2022 12:56:52 UTC] PHP  11. TGMPA_Bulk_Installer_Skin->after() /Users/mikheilkankia/Local Sites/devopscon/app/public/wp-admin/includes/class-wp-upgrader.php:824
[20-Jul-2022 12:56:52 UTC] PHP  12. TGMPA_Bulk_Installer_Skin->after() /Users/mikheilkankia/Local Sites/devopscon/app/public/wp-content/themes/mitup/framework/class-tgm-plugin-activation.php:3638
[20-Jul-2022 12:56:52 UTC] PHP  13. sprintf() /Users/mikheilkankia/Local Sites/devopscon/app/public/wp-admin/includes/class-bulk-upgrader-skin.php:156
[20-Jul-2022 12:56:54 UTC] PHP Warning:  sprintf(): Too few arguments in /Users/mikheilkankia/Local Sites/devopscon/app/public/wp-admin/includes/class-bulk-upgrader-skin.php on line 156
[20-Jul-2022 12:56:54 UTC] PHP Stack trace:
[20-Jul-2022 12:56:54 UTC] PHP   1. {main}() /Users/mikheilkankia/Local Sites/devopscon/app/public/wp-admin/themes.php:0
[20-Jul-2022 12:56:54 UTC] PHP   2. require_once() /Users/mikheilkankia/Local Sites/devopscon/app/public/wp-admin/themes.php:10
[20-Jul-2022 12:56:54 UTC] PHP   3. do_action() /Users/mikheilkankia/Local Sites/devopscon/app/public/wp-admin/admin.php:259
[20-Jul-2022 12:56:54 UTC] PHP   4. WP_Hook->do_action() /Users/mikheilkankia/Local Sites/devopscon/app/public/wp-includes/plugin.php:476
[20-Jul-2022 12:56:54 UTC] PHP   5. WP_Hook->apply_filters() /Users/mikheilkankia/Local Sites/devopscon/app/public/wp-includes/class-wp-hook.php:331
[20-Jul-2022 12:56:54 UTC] PHP   6. TGM_Plugin_Activation->install_plugins_page() /Users/mikheilkankia/Local Sites/devopscon/app/public/wp-includes/class-wp-hook.php:307
[20-Jul-2022 12:56:54 UTC] PHP   7. TGMPA_List_Table->process_bulk_actions() /Users/mikheilkankia/Local Sites/devopscon/app/public/wp-content/themes/mitup/framework/class-tgm-plugin-activation.php:743
[20-Jul-2022 12:56:54 UTC] PHP   8. TGMPA_Bulk_Installer->bulk_install() /Users/mikheilkankia/Local Sites/devopscon/app/public/wp-content/themes/mitup/framework/class-tgm-plugin-activation.php:2977
[20-Jul-2022 12:56:54 UTC] PHP   9. TGMPA_Bulk_Installer->run() /Users/mikheilkankia/Local Sites/devopscon/app/public/wp-content/themes/mitup/framework/class-tgm-plugin-activation.php:3371
[20-Jul-2022 12:56:54 UTC] PHP  10. TGMPA_Bulk_Installer->run() /Users/mikheilkankia/Local Sites/devopscon/app/public/wp-content/themes/mitup/framework/class-tgm-plugin-activation.php:3258
[20-Jul-2022 12:56:54 UTC] PHP  11. TGMPA_Bulk_Installer_Skin->after() /Users/mikheilkankia/Local Sites/devopscon/app/public/wp-admin/includes/class-wp-upgrader.php:824
[20-Jul-2022 12:56:54 UTC] PHP  12. TGMPA_Bulk_Installer_Skin->after() /Users/mikheilkankia/Local Sites/devopscon/app/public/wp-content/themes/mitup/framework/class-tgm-plugin-activation.php:3638
[20-Jul-2022 12:56:54 UTC] PHP  13. sprintf() /Users/mikheilkankia/Local Sites/devopscon/app/public/wp-admin/includes/class-bulk-upgrader-skin.php:156
[20-Jul-2022 18:12:27 UTC] PHP Warning:  PHP Startup: Unable to load dynamic library '/private/var/folders/bw/yrh_7g8n07j5xhxn_9td_y2w0000gn/T/AppTranslocation/704E98D1-4A4E-4366-AA29-B79F14DDBE1C/d/Local.app/Contents/Resources/extraResources/lightning-services/php-7.4.1+18/bin/darwin/lib/php/extensions/no-debug-non-zts-20190902/imagick.so' (tried: /private/var/folders/bw/yrh_7g8n07j5xhxn_9td_y2w0000gn/T/AppTranslocation/704E98D1-4A4E-4366-AA29-B79F14DDBE1C/d/Local.app/Contents/Resources/extraResources/lightning-services/php-7.4.1+18/bin/darwin/lib/php/extensions/no-debug-non-zts-20190902/imagick.so (dlopen(/private/var/folders/bw/yrh_7g8n07j5xhxn_9td_y2w0000gn/T/AppTranslocation/704E98D1-4A4E-4366-AA29-B79F14DDBE1C/d/Local.app/Contents/Resources/extraResources/lightning-services/php-7.4.1+18/bin/darwin/lib/php/extensions/no-debug-non-zts-20190902/imagick.so, 0x0009): tried: '/private/var/folders/bw/yrh_7g8n07j5xhxn_9td_y2w0000gn/T/AppTranslocation/704E98D1-4A4E-4366-AA29-B79F14DDBE1C/d/Local.app/Contents/Resources/extraResources/lightning-services/ in Unknown on line 0
[20-Jul-2022 18:12:27 UTC] PHP Warning:  PHP Startup: Unable to load dynamic library '/private/var/folders/bw/yrh_7g8n07j5xhxn_9td_y2w0000gn/T/AppTranslocation/704E98D1-4A4E-4366-AA29-B79F14DDBE1C/d/Local.app/Contents/Resources/extraResources/lightning-services/php-7.4.1+18/bin/darwin/lib/php/extensions/no-debug-non-zts-20190902/imagick.so' (tried: /private/var/folders/bw/yrh_7g8n07j5xhxn_9td_y2w0000gn/T/AppTranslocation/704E98D1-4A4E-4366-AA29-B79F14DDBE1C/d/Local.app/Contents/Resources/extraResources/lightning-services/php-7.4.1+18/bin/darwin/lib/php/extensions/no-debug-non-zts-20190902/imagick.so (dlopen(/private/var/folders/bw/yrh_7g8n07j5xhxn_9td_y2w0000gn/T/AppTranslocation/704E98D1-4A4E-4366-AA29-B79F14DDBE1C/d/Local.app/Contents/Resources/extraResources/lightning-services/php-7.4.1+18/bin/darwin/lib/php/extensions/no-debug-non-zts-20190902/imagick.so, 0x0009): tried: '/private/var/folders/bw/yrh_7g8n07j5xhxn_9td_y2w0000gn/T/AppTranslocation/704E98D1-4A4E-4366-AA29-B79F14DDBE1C/d/Local.app/Contents/Resources/extraResources/lightning-services/ in Unknown on line 0
[20-Jul-2022 18:12:27 UTC] PHP Warning:  Unknown: failed to open stream: No such file or directory in Unknown on line 0
[20-Jul-2022 18:12:27 UTC] PHP Warning:  Unknown: failed to open stream: No such file or directory in Unknown on line 0
[20-Jul-2022 18:12:27 UTC] PHP Fatal error:  Unknown: Failed opening required '/private/var/folders/bw/yrh_7g8n07j5xhxn_9td_y2w0000gn/T/AppTranslocation/704E98D1-4A4E-4366-AA29-B79F14DDBE1C/d/Local.app/Contents/Resources/extraResources/local-bootstrap.php' (include_path='.:/usr/share/php:/www/wp-content/pear') in Unknown on line 0
[20-Jul-2022 18:12:27 UTC] PHP Fatal error:  Unknown: Failed opening required '/private/var/folders/bw/yrh_7g8n07j5xhxn_9td_y2w0000gn/T/AppTranslocation/704E98D1-4A4E-4366-AA29-B79F14DDBE1C/d/Local.app/Contents/Resources/extraResources/local-bootstrap.php' (include_path='.:/usr/share/php:/www/wp-content/pear') in Unknown on line 0
[21-Jul-2022 10:53:33 UTC] PHP Warning:  PHP Startup: Unable to load dynamic library '/private/var/folders/bw/yrh_7g8n07j5xhxn_9td_y2w0000gn/T/AppTranslocation/90B723A8-A32D-4331-B7D6-2E09253A1ED1/d/Local.app/Contents/Resources/extraResources/lightning-services/php-7.4.1+18/bin/darwin/lib/php/extensions/no-debug-non-zts-20190902/imagick.so' (tried: /private/var/folders/bw/yrh_7g8n07j5xhxn_9td_y2w0000gn/T/AppTranslocation/90B723A8-A32D-4331-B7D6-2E09253A1ED1/d/Local.app/Contents/Resources/extraResources/lightning-services/php-7.4.1+18/bin/darwin/lib/php/extensions/no-debug-non-zts-20190902/imagick.so (dlopen(/private/var/folders/bw/yrh_7g8n07j5xhxn_9td_y2w0000gn/T/AppTranslocation/90B723A8-A32D-4331-B7D6-2E09253A1ED1/d/Local.app/Contents/Resources/extraResources/lightning-services/php-7.4.1+18/bin/darwin/lib/php/extensions/no-debug-non-zts-20190902/imagick.so, 0x0009): tried: '/private/var/folders/bw/yrh_7g8n07j5xhxn_9td_y2w0000gn/T/AppTranslocation/90B723A8-A32D-4331-B7D6-2E09253A1ED1/d/Local.app/Contents/Resources/extraResources/lightning-services/ in Unknown on line 0
[21-Jul-2022 10:53:33 UTC] PHP Warning:  PHP Startup: Unable to load dynamic library '/private/var/folders/bw/yrh_7g8n07j5xhxn_9td_y2w0000gn/T/AppTranslocation/90B723A8-A32D-4331-B7D6-2E09253A1ED1/d/Local.app/Contents/Resources/extraResources/lightning-services/php-7.4.1+18/bin/darwin/lib/php/extensions/no-debug-non-zts-20190902/imagick.so' (tried: /private/var/folders/bw/yrh_7g8n07j5xhxn_9td_y2w0000gn/T/AppTranslocation/90B723A8-A32D-4331-B7D6-2E09253A1ED1/d/Local.app/Contents/Resources/extraResources/lightning-services/php-7.4.1+18/bin/darwin/lib/php/extensions/no-debug-non-zts-20190902/imagick.so (dlopen(/private/var/folders/bw/yrh_7g8n07j5xhxn_9td_y2w0000gn/T/AppTranslocation/90B723A8-A32D-4331-B7D6-2E09253A1ED1/d/Local.app/Contents/Resources/extraResources/lightning-services/php-7.4.1+18/bin/darwin/lib/php/extensions/no-debug-non-zts-20190902/imagick.so, 0x0009): tried: '/private/var/folders/bw/yrh_7g8n07j5xhxn_9td_y2w0000gn/T/AppTranslocation/90B723A8-A32D-4331-B7D6-2E09253A1ED1/d/Local.app/Contents/Resources/extraResources/lightning-services/ in Unknown on line 0
[21-Jul-2022 10:53:33 UTC] PHP Warning:  Unknown: failed to open stream: No such file or directory in Unknown on line 0
[21-Jul-2022 10:53:33 UTC] PHP Warning:  Unknown: failed to open stream: No such file or directory in Unknown on line 0
[21-Jul-2022 10:53:33 UTC] PHP Fatal error:  Unknown: Failed opening required '/private/var/folders/bw/yrh_7g8n07j5xhxn_9td_y2w0000gn/T/AppTranslocation/90B723A8-A32D-4331-B7D6-2E09253A1ED1/d/Local.app/Contents/Resources/extraResources/local-bootstrap.php' (include_path='.:/usr/share/php:/www/wp-content/pear') in Unknown on line 0
[21-Jul-2022 10:53:33 UTC] PHP Fatal error:  Unknown: Failed opening required '/private/var/folders/bw/yrh_7g8n07j5xhxn_9td_y2w0000gn/T/AppTranslocation/90B723A8-A32D-4331-B7D6-2E09253A1ED1/d/Local.app/Contents/Resources/extraResources/local-bootstrap.php' (include_path='.:/usr/share/php:/www/wp-content/pear') in Unknown on line 0
[21-Jul-2022 14:11:46 UTC] PHP Warning:  PHP Startup: Unable to load dynamic library '/private/var/folders/bw/yrh_7g8n07j5xhxn_9td_y2w0000gn/T/AppTranslocation/90B723A8-A32D-4331-B7D6-2E09253A1ED1/d/Local.app/Contents/Resources/extraResources/lightning-services/php-7.4.1+18/bin/darwin/lib/php/extensions/no-debug-non-zts-20190902/imagick.so' (tried: /private/var/folders/bw/yrh_7g8n07j5xhxn_9td_y2w0000gn/T/AppTranslocation/90B723A8-A32D-4331-B7D6-2E09253A1ED1/d/Local.app/Contents/Resources/extraResources/lightning-services/php-7.4.1+18/bin/darwin/lib/php/extensions/no-debug-non-zts-20190902/imagick.so (dlopen(/private/var/folders/bw/yrh_7g8n07j5xhxn_9td_y2w0000gn/T/AppTranslocation/90B723A8-A32D-4331-B7D6-2E09253A1ED1/d/Local.app/Contents/Resources/extraResources/lightning-services/php-7.4.1+18/bin/darwin/lib/php/extensions/no-debug-non-zts-20190902/imagick.so, 0x0009): tried: '/private/var/folders/bw/yrh_7g8n07j5xhxn_9td_y2w0000gn/T/AppTranslocation/90B723A8-A32D-4331-B7D6-2E09253A1ED1/d/Local.app/Contents/Resources/extraResources/lightning-services/ in Unknown on line 0
[21-Jul-2022 14:11:46 UTC] PHP Warning:  PHP Startup: Unable to load dynamic library '/private/var/folders/bw/yrh_7g8n07j5xhxn_9td_y2w0000gn/T/AppTranslocation/90B723A8-A32D-4331-B7D6-2E09253A1ED1/d/Local.app/Contents/Resources/extraResources/lightning-services/php-7.4.1+18/bin/darwin/lib/php/extensions/no-debug-non-zts-20190902/imagick.so' (tried: /private/var/folders/bw/yrh_7g8n07j5xhxn_9td_y2w0000gn/T/AppTranslocation/90B723A8-A32D-4331-B7D6-2E09253A1ED1/d/Local.app/Contents/Resources/extraResources/lightning-services/php-7.4.1+18/bin/darwin/lib/php/extensions/no-debug-non-zts-20190902/imagick.so (dlopen(/private/var/folders/bw/yrh_7g8n07j5xhxn_9td_y2w0000gn/T/AppTranslocation/90B723A8-A32D-4331-B7D6-2E09253A1ED1/d/Local.app/Contents/Resources/extraResources/lightning-services/php-7.4.1+18/bin/darwin/lib/php/extensions/no-debug-non-zts-20190902/imagick.so, 0x0009): tried: '/private/var/folders/bw/yrh_7g8n07j5xhxn_9td_y2w0000gn/T/AppTranslocation/90B723A8-A32D-4331-B7D6-2E09253A1ED1/d/Local.app/Contents/Resources/extraResources/lightning-services/ in Unknown on line 0
[21-Jul-2022 14:11:46 UTC] PHP Warning:  Unknown: failed to open stream: No such file or directory in Unknown on line 0
[21-Jul-2022 14:11:46 UTC] PHP Warning:  Unknown: failed to open stream: No such file or directory in Unknown on line 0
[21-Jul-2022 14:11:46 UTC] PHP Fatal error:  Unknown: Failed opening required '/private/var/folders/bw/yrh_7g8n07j5xhxn_9td_y2w0000gn/T/AppTranslocation/90B723A8-A32D-4331-B7D6-2E09253A1ED1/d/Local.app/Contents/Resources/extraResources/local-bootstrap.php' (include_path='.:/usr/share/php:/www/wp-content/pear') in Unknown on line 0
[21-Jul-2022 14:11:46 UTC] PHP Fatal error:  Unknown: Failed opening required '/private/var/folders/bw/yrh_7g8n07j5xhxn_9td_y2w0000gn/T/AppTranslocation/90B723A8-A32D-4331-B7D6-2E09253A1ED1/d/Local.app/Contents/Resources/extraResources/local-bootstrap.php' (include_path='.:/usr/share/php:/www/wp-content/pear') in Unknown on line 0
[22-Jul-2022 10:49:35 UTC] PHP Warning:  PHP Startup: Unable to load dynamic library '/private/var/folders/bw/yrh_7g8n07j5xhxn_9td_y2w0000gn/T/AppTranslocation/2E0DE2BF-074E-42AB-88B9-70219959D2B9/d/Local.app/Contents/Resources/extraResources/lightning-services/php-7.4.1+18/bin/darwin/lib/php/extensions/no-debug-non-zts-20190902/imagick.so' (tried: /private/var/folders/bw/yrh_7g8n07j5xhxn_9td_y2w0000gn/T/AppTranslocation/2E0DE2BF-074E-42AB-88B9-70219959D2B9/d/Local.app/Contents/Resources/extraResources/lightning-services/php-7.4.1+18/bin/darwin/lib/php/extensions/no-debug-non-zts-20190902/imagick.so (dlopen(/private/var/folders/bw/yrh_7g8n07j5xhxn_9td_y2w0000gn/T/AppTranslocation/2E0DE2BF-074E-42AB-88B9-70219959D2B9/d/Local.app/Contents/Resources/extraResources/lightning-services/php-7.4.1+18/bin/darwin/lib/php/extensions/no-debug-non-zts-20190902/imagick.so, 0x0009): tried: '/private/var/folders/bw/yrh_7g8n07j5xhxn_9td_y2w0000gn/T/AppTranslocation/2E0DE2BF-074E-42AB-88B9-70219959D2B9/d/Local.app/Contents/Resources/extraResources/lightning-services/ in Unknown on line 0
[22-Jul-2022 10:49:35 UTC] PHP Warning:  PHP Startup: Unable to load dynamic library '/private/var/folders/bw/yrh_7g8n07j5xhxn_9td_y2w0000gn/T/AppTranslocation/2E0DE2BF-074E-42AB-88B9-70219959D2B9/d/Local.app/Contents/Resources/extraResources/lightning-services/php-7.4.1+18/bin/darwin/lib/php/extensions/no-debug-non-zts-20190902/imagick.so' (tried: /private/var/folders/bw/yrh_7g8n07j5xhxn_9td_y2w0000gn/T/AppTranslocation/2E0DE2BF-074E-42AB-88B9-70219959D2B9/d/Local.app/Contents/Resources/extraResources/lightning-services/php-7.4.1+18/bin/darwin/lib/php/extensions/no-debug-non-zts-20190902/imagick.so (dlopen(/private/var/folders/bw/yrh_7g8n07j5xhxn_9td_y2w0000gn/T/AppTranslocation/2E0DE2BF-074E-42AB-88B9-70219959D2B9/d/Local.app/Contents/Resources/extraResources/lightning-services/php-7.4.1+18/bin/darwin/lib/php/extensions/no-debug-non-zts-20190902/imagick.so, 0x0009): tried: '/private/var/folders/bw/yrh_7g8n07j5xhxn_9td_y2w0000gn/T/AppTranslocation/2E0DE2BF-074E-42AB-88B9-70219959D2B9/d/Local.app/Contents/Resources/extraResources/lightning-services/ in Unknown on line 0
[22-Jul-2022 10:49:35 UTC] PHP Warning:  Unknown: failed to open stream: No such file or directory in Unknown on line 0
[22-Jul-2022 10:49:35 UTC] PHP Warning:  Unknown: failed to open stream: No such file or directory in Unknown on line 0
[22-Jul-2022 10:49:35 UTC] PHP Fatal error:  Unknown: Failed opening required '/private/var/folders/bw/yrh_7g8n07j5xhxn_9td_y2w0000gn/T/AppTranslocation/2E0DE2BF-074E-42AB-88B9-70219959D2B9/d/Local.app/Contents/Resources/extraResources/local-bootstrap.php' (include_path='.:/usr/share/php:/www/wp-content/pear') in Unknown on line 0
[22-Jul-2022 10:49:35 UTC] PHP Fatal error:  Unknown: Failed opening required '/private/var/folders/bw/yrh_7g8n07j5xhxn_9td_y2w0000gn/T/AppTranslocation/2E0DE2BF-074E-42AB-88B9-70219959D2B9/d/Local.app/Contents/Resources/extraResources/local-bootstrap.php' (include_path='.:/usr/share/php:/www/wp-content/pear') in Unknown on line 0
